Using pre-set license
Built from '2021.1/release' branch; Version is '2021.1.1f1 (6fdc41dfa55a) revision 7330881'; Using compiler version '192528614'; Build Type 'Release'
OS: 'Windows 10 Enterprise N; OS build 18363.1556; Version 1909; 64bit' Language: 'en' Physical Memory: 16335 MB
BatchMode: 1, IsHumanControllingUs: 0, StartBugReporterOnCrash: 0, Is64bit: 1, IsPro: 0

 COMMAND LINE ARGUMENTS:
D:\GameEngines\Unity\2021.1.1f1\Editor\Unity.exe
-adb2
-batchMode
-noUpm
-name
AssetImportWorker0
-projectPath
D:/GameEngines/Unity/Projects/_test_or_demos/MatchWorkShop_Test_Goose
-logFile
Logs/AssetImportWorker0.log
-srvPort
55201
Successfully changed project path to: D:/GameEngines/Unity/Projects/_test_or_demos/MatchWorkShop_Test_Goose
D:/GameEngines/Unity/Projects/_test_or_demos/MatchWorkShop_Test_Goose
Using Asset Import Pipeline V2.
Refreshing native plugins compatible for Editor in 107.75 ms, found 2 plugins.
Preloading 0 native plugins for Editor in 0.00 ms.
Initialize engine version: 2021.1.1f1 (6fdc41dfa55a)
[Subsystems] Discovering subsystems at path D:/GameEngines/Unity/2021.1.1f1/Editor/Data/Resources/UnitySubsystems
[Subsystems] Discovering subsystems at path D:/GameEngines/Unity/Projects/_test_or_demos/MatchWorkShop_Test_Goose/Assets
GfxDevice: creating device client; threaded=0; jobified=0
Direct3D:
    Version:  Direct3D 11.0 [level 11.1]
    Renderer: NVIDIA GeForce GTX 1060 6GB (ID=0x1c03)
    Vendor:   NVIDIA
    VRAM:     6052 MB
    Driver:   27.21.14.6611
Initialize mono
Mono path[0] = 'D:/GameEngines/Unity/2021.1.1f1/Editor/Data/Managed'
Mono path[1] = 'D:/GameEngines/Unity/2021.1.1f1/Editor/Data/MonoBleedingEdge/lib/mono/unityjit'
Mono config path = 'D:/GameEngines/Unity/2021.1.1f1/Editor/Data/MonoBleedingEdge/etc'
Using monoOptions --debugger-agent=transport=dt_socket,embedding=1,server=y,suspend=n,address=127.0.0.1:56648
Begin MonoManager ReloadAssembly
Registering precompiled unity dll's ...
Register platform support module: D:/GameEngines/Unity/2021.1.1f1/Editor/Data/PlaybackEngines/WindowsStandaloneSupport/UnityEditor.WindowsStandalone.Extensions.dll
Registered in 0.001133 seconds.
Native extension for WindowsStandalone target not found
Refreshing native plugins compatible for Editor in 95.14 ms, found 2 plugins.
Preloading 0 native plugins for Editor in 0.00 ms.
Mono: successfully reloaded assembly
- Completed reload, in  1.107 seconds
Platform modules already initialized, skipping
Registering precompiled user dll's ...
Registered in 0.002840 seconds.
Begin MonoManager ReloadAssembly
Native extension for WindowsStandalone target not found
Refreshing native plugins compatible for Editor in 94.10 ms, found 2 plugins.
Preloading 0 native plugins for Editor in 0.00 ms.
Mono: successfully reloaded assembly
- Completed reload, in  1.110 seconds
Platform modules already initialized, skipping
========================================================================
Worker process is ready to serve import requests
Launched and connected shader compiler UnityShaderCompiler.exe after 0.14 seconds
Refreshing native plugins compatible for Editor in 0.63 ms, found 2 plugins.
Preloading 0 native plugins for Editor in 0.00 ms.
Unloading 3393 Unused Serialized files (Serialized files now loaded: 0)
System memory in use before: 128.5 MB.
System memory in use after: 128.5 MB.

Unloading 30 unused Assets to reduce memory usage. Loaded Objects now: 3847.
Total: 2.537000 ms (FindLiveObjects: 0.253600 ms CreateObjectMapping: 0.169100 ms MarkObjects: 1.991600 ms  DeleteObjects: 0.122000 ms)

========================================================================
Received Import Request.
  path: Assets/Main/Images/Sprites/Sprites.png
  artifactKey: Guid(fbeb91e541d18e64bbddbdb19f18b3aa) Importer(815301076,1909f56bfc062723c751e8b465ee728b)
Start importing Assets/Main/Images/Sprites/Sprites.png using Guid(fbeb91e541d18e64bbddbdb19f18b3aa) Importer(815301076,1909f56bfc062723c751e8b465ee728b)  -> (artifact id: 'e2cf87d5b29787a0b0767d25c10558c3') in 0.185614 seconds 
========================================================================
Received Import Request.
  Time since last request: 33.204234 seconds.
  path: Assets/Main/Images/Sprites/Goose.png
  artifactKey: Guid(b1fe3f650dc24e14ab034bdd69744ec6) Importer(815301076,1909f56bfc062723c751e8b465ee728b)
Start importing Assets/Main/Images/Sprites/Goose.png using Guid(b1fe3f650dc24e14ab034bdd69744ec6) Importer(815301076,1909f56bfc062723c751e8b465ee728b)  -> (artifact id: 'c3312096a9d3fa1bf18bf7ffcfb212fa') in 0.044174 seconds 
========================================================================
Received Import Request.
  Time since last request: 748.344686 seconds.
  path: Assets/Main/Images/Sprites/Goose.png
  artifactKey: Guid(b1fe3f650dc24e14ab034bdd69744ec6) Importer(815301076,1909f56bfc062723c751e8b465ee728b)
Start importing Assets/Main/Images/Sprites/Goose.png using Guid(b1fe3f650dc24e14ab034bdd69744ec6) Importer(815301076,1909f56bfc062723c751e8b465ee728b)  -> (artifact id: 'da9445c6225df11921319da4b57729c7') in 0.031929 seconds 
========================================================================
Received Import Request.
  Time since last request: 103.017576 seconds.
  path: Assets/Main/Images/Sprites/Goose.png
  artifactKey: Guid(b1fe3f650dc24e14ab034bdd69744ec6) Importer(815301076,1909f56bfc062723c751e8b465ee728b)
Start importing Assets/Main/Images/Sprites/Goose.png using Guid(b1fe3f650dc24e14ab034bdd69744ec6) Importer(815301076,1909f56bfc062723c751e8b465ee728b)  -> (artifact id: 'a7e7b3102d296b8b12ce6303978a35b0') in 0.022659 seconds 
========================================================================
Received Import Request.
  Time since last request: 5.562121 seconds.
  path: Assets/Main/Images/Sprites/Goose.png
  artifactKey: Guid(b1fe3f650dc24e14ab034bdd69744ec6) Importer(815301076,1909f56bfc062723c751e8b465ee728b)
Start importing Assets/Main/Images/Sprites/Goose.png using Guid(b1fe3f650dc24e14ab034bdd69744ec6) Importer(815301076,1909f56bfc062723c751e8b465ee728b)  -> (artifact id: 'd29da31004c7bcf96d72680c11fa7aba') in 0.024709 seconds 
========================================================================
Received Import Request.
  Time since last request: 4.745511 seconds.
  path: Assets/Main/Images/Sprites/Goose.tpsheet
  artifactKey: Guid(15d0f04c70d74ed42a6749f104f5df22) Importer(815301076,1909f56bfc062723c751e8b465ee728b)
Start importing Assets/Main/Images/Sprites/Goose.tpsheet using Guid(15d0f04c70d74ed42a6749f104f5df22) Importer(815301076,1909f56bfc062723c751e8b465ee728b)  -> (artifact id: '10d77be1c06b16d673b701495901706e') in 0.006628 seconds 
========================================================================
Received Import Request.
  Time since last request: 11.727429 seconds.
  path: Assets/Main/Images/Sprites/Goose.png
  artifactKey: Guid(b1fe3f650dc24e14ab034bdd69744ec6) Importer(815301076,1909f56bfc062723c751e8b465ee728b)
Start importing Assets/Main/Images/Sprites/Goose.png using Guid(b1fe3f650dc24e14ab034bdd69744ec6) Importer(815301076,1909f56bfc062723c751e8b465ee728b)  -> (artifact id: '55ae25c6d4243c9d2248d3414dfd1a85') in 0.023865 seconds 
========================================================================
Received Import Request.
  Time since last request: 298.767106 seconds.
  path: Assets/Main/Images/Sprites/Goose.png
  artifactKey: Guid(b1fe3f650dc24e14ab034bdd69744ec6) Importer(815301076,1909f56bfc062723c751e8b465ee728b)
Start importing Assets/Main/Images/Sprites/Goose.png using Guid(b1fe3f650dc24e14ab034bdd69744ec6) Importer(815301076,1909f56bfc062723c751e8b465ee728b)  -> (artifact id: '8e5c7b0f9b0d849022ff2f847fa5fa5f') in 0.019283 seconds 
========================================================================
Received Import Request.
  Time since last request: 130.963786 seconds.
  path: Assets/Main/Prefabs/Player.prefab
  artifactKey: Guid(aa43d5c768bd4e24c81f58e4c1dda2fb) Importer(815301076,1909f56bfc062723c751e8b465ee728b)
Start importing Assets/Main/Prefabs/Player.prefab using Guid(aa43d5c768bd4e24c81f58e4c1dda2fb) Importer(815301076,1909f56bfc062723c751e8b465ee728b)  -> (artifact id: '74f832197bca565115e98d6043b0ee1e') in 0.044185 seconds 
========================================================================
Received Import Request.
  Time since last request: 295.647674 seconds.
  path: Assets/Main/Images/Sprites/Goose.png
  artifactKey: Guid(b1fe3f650dc24e14ab034bdd69744ec6) Importer(815301076,1909f56bfc062723c751e8b465ee728b)
Start importing Assets/Main/Images/Sprites/Goose.png using Guid(b1fe3f650dc24e14ab034bdd69744ec6) Importer(815301076,1909f56bfc062723c751e8b465ee728b)  -> (artifact id: '2c77333cdd94c607644beefd0b708d33') in 0.016951 seconds 
========================================================================
Received Import Request.
  Time since last request: 271.999455 seconds.
  path: Assets/Main/Prefabs/Player.prefab
  artifactKey: Guid(aa43d5c768bd4e24c81f58e4c1dda2fb) Importer(815301076,1909f56bfc062723c751e8b465ee728b)
Start importing Assets/Main/Prefabs/Player.prefab using Guid(aa43d5c768bd4e24c81f58e4c1dda2fb) Importer(815301076,1909f56bfc062723c751e8b465ee728b)  -> (artifact id: '2db716fbca85a963f42c20b01cd8c82c') in 0.017380 seconds 
========================================================================
Received Prepare
Registering precompiled user dll's ...
Registered in 0.003110 seconds.
Begin MonoManager ReloadAssembly
Native extension for WindowsStandalone target not found
Refreshing native plugins compatible for Editor in 0.71 ms, found 2 plugins.
Preloading 0 native plugins for Editor in 0.00 ms.
Mono: successfully reloaded assembly
- Completed reload, in  1.075 seconds
Platform modules already initialized, skipping
Refreshing native plugins compatible for Editor in 0.63 ms, found 2 plugins.
Preloading 0 native plugins for Editor in 0.00 ms.
Unloading 3390 Unused Serialized files (Serialized files now loaded: 0)
System memory in use before: 136.5 MB.
System memory in use after: 136.6 MB.

Unloading 18 unused Assets to reduce memory usage. Loaded Objects now: 4005.
Total: 2.595900 ms (FindLiveObjects: 0.274800 ms CreateObjectMapping: 0.181600 ms MarkObjects: 2.048000 ms  DeleteObjects: 0.090700 ms)

========================================================================
Received Import Request.
  Time since last request: 82.030445 seconds.
  path: Assets/codeandweb.com/Example/SpriteSheet/sprites.mat
  artifactKey: Guid(9f297216e69d94c5bb4ede1c05056a7c) Importer(815301076,1909f56bfc062723c751e8b465ee728b)
Start importing Assets/codeandweb.com/Example/SpriteSheet/sprites.mat using Guid(9f297216e69d94c5bb4ede1c05056a7c) Importer(815301076,1909f56bfc062723c751e8b465ee728b)  -> (artifact id: '4945bb911a642b7b5eb72d9531b7c420') in 0.514481 seconds 
========================================================================
Received Prepare
Registering precompiled user dll's ...
Registered in 0.003003 seconds.
Begin MonoManager ReloadAssembly
Native extension for WindowsStandalone target not found
Refreshing native plugins compatible for Editor in 0.73 ms, found 2 plugins.
Preloading 0 native plugins for Editor in 0.00 ms.
Mono: successfully reloaded assembly
- Completed reload, in  1.008 seconds
Platform modules already initialized, skipping
Refreshing native plugins compatible for Editor in 0.63 ms, found 2 plugins.
Preloading 0 native plugins for Editor in 0.00 ms.
Unloading 3388 Unused Serialized files (Serialized files now loaded: 0)
System memory in use before: 136.7 MB.
System memory in use after: 136.8 MB.

Unloading 18 unused Assets to reduce memory usage. Loaded Objects now: 4043.
Total: 2.533600 ms (FindLiveObjects: 0.327400 ms CreateObjectMapping: 0.182700 ms MarkObjects: 1.936300 ms  DeleteObjects: 0.086300 ms)

========================================================================
Received Import Request.
  Time since last request: 53.193016 seconds.
  path: Assets/Main/Images/Sprites/Sprites.png
  artifactKey: Guid(fbeb91e541d18e64bbddbdb19f18b3aa) Importer(815301076,1909f56bfc062723c751e8b465ee728b)
Start importing Assets/Main/Images/Sprites/Sprites.png using Guid(fbeb91e541d18e64bbddbdb19f18b3aa) Importer(815301076,1909f56bfc062723c751e8b465ee728b)  -> (artifact id: '5d6a86ecc6dede8cf88851bc5ab83b7a') in 0.099386 seconds 
========================================================================
Received Import Request.
  Time since last request: 103.948482 seconds.
  path: Assets/Main/Images/Sprites/Sprites.png
  artifactKey: Guid(fbeb91e541d18e64bbddbdb19f18b3aa) Importer(815301076,1909f56bfc062723c751e8b465ee728b)
Start importing Assets/Main/Images/Sprites/Sprites.png using Guid(fbeb91e541d18e64bbddbdb19f18b3aa) Importer(815301076,1909f56bfc062723c751e8b465ee728b)  -> (artifact id: 'daa97352d0bac90df5314b88faecf162') in 0.067190 seconds 
========================================================================
Received Import Request.
  Time since last request: 124.112199 seconds.
  path: Assets/Main/Images/Sprites/Sprites.png
  artifactKey: Guid(fbeb91e541d18e64bbddbdb19f18b3aa) Importer(815301076,1909f56bfc062723c751e8b465ee728b)
Start importing Assets/Main/Images/Sprites/Sprites.png using Guid(fbeb91e541d18e64bbddbdb19f18b3aa) Importer(815301076,1909f56bfc062723c751e8b465ee728b)  -> (artifact id: '4d9ad9d27dff9054315785ec91dd1fd8') in 0.068126 seconds 
========================================================================
Received Import Request.
  Time since last request: 20.360440 seconds.
  path: Assets/Main/Images/Sprites/Sprites.png
  artifactKey: Guid(fbeb91e541d18e64bbddbdb19f18b3aa) Importer(815301076,1909f56bfc062723c751e8b465ee728b)
Start importing Assets/Main/Images/Sprites/Sprites.png using Guid(fbeb91e541d18e64bbddbdb19f18b3aa) Importer(815301076,1909f56bfc062723c751e8b465ee728b)  -> (artifact id: 'db593b68125839b5b499c8d964805205') in 0.076224 seconds 
========================================================================
Received Import Request.
  Time since last request: 50.085139 seconds.
  path: Assets/Main/AnimationClips
  artifactKey: Guid(67b78b3b8b04ec44e817591b19611aed) Importer(815301076,1909f56bfc062723c751e8b465ee728b)
Start importing Assets/Main/AnimationClips using Guid(67b78b3b8b04ec44e817591b19611aed) Importer(815301076,1909f56bfc062723c751e8b465ee728b)  -> (artifact id: '06a517c7d0f8576ebe9d5c413c8e3a55') in 0.008550 seconds 
========================================================================
Received Import Request.
  Time since last request: 13.446290 seconds.
  path: Assets/Main/AnimationClips/New Animation.anim
  artifactKey: Guid(abc6deff2e894944286f197592c462f8) Importer(815301076,1909f56bfc062723c751e8b465ee728b)
Start importing Assets/Main/AnimationClips/New Animation.anim using Guid(abc6deff2e894944286f197592c462f8) Importer(815301076,1909f56bfc062723c751e8b465ee728b)  -> (artifact id: '642c4df7dc31ccd655cf8b8046e27a06') in 0.011225 seconds 
========================================================================
Received Import Request.
  Time since last request: 213.106321 seconds.
  path: Assets/Main/Animations
  artifactKey: Guid(67b78b3b8b04ec44e817591b19611aed) Importer(815301076,1909f56bfc062723c751e8b465ee728b)
Start importing Assets/Main/Animations using Guid(67b78b3b8b04ec44e817591b19611aed) Importer(815301076,1909f56bfc062723c751e8b465ee728b)  -> (artifact id: 'f0d93416fef7020eab6a44d56b3f81bc') in 0.008559 seconds 
========================================================================
Received Prepare
Registering precompiled user dll's ...
Registered in 0.003089 seconds.
Begin MonoManager ReloadAssembly
Native extension for WindowsStandalone target not found
Refreshing native plugins compatible for Editor in 0.63 ms, found 2 plugins.
Preloading 0 native plugins for Editor in 0.00 ms.
Mono: successfully reloaded assembly
- Completed reload, in  0.970 seconds
Platform modules already initialized, skipping
Refreshing native plugins compatible for Editor in 0.67 ms, found 2 plugins.
Preloading 0 native plugins for Editor in 0.00 ms.
Unloading 3388 Unused Serialized files (Serialized files now loaded: 0)
System memory in use before: 138.3 MB.
System memory in use after: 138.4 MB.

Unloading 18 unused Assets to reduce memory usage. Loaded Objects now: 4104.
Total: 3.178400 ms (FindLiveObjects: 0.297000 ms CreateObjectMapping: 0.176300 ms MarkObjects: 2.607000 ms  DeleteObjects: 0.097000 ms)

========================================================================
Received Import Request.
  Time since last request: 245.115806 seconds.
  path: Assets/Main/Animations/Sprite.controller
  artifactKey: Guid(82529b4c03eb7b34d996bd86a8ba8749) Importer(815301076,1909f56bfc062723c751e8b465ee728b)
Start importing Assets/Main/Animations/Sprite.controller using Guid(82529b4c03eb7b34d996bd86a8ba8749) Importer(815301076,1909f56bfc062723c751e8b465ee728b)  -> (artifact id: '87579d1504a860a2d7bff9de805e6d90') in 0.018280 seconds 
========================================================================
Received Prepare
Registering precompiled user dll's ...
Registered in 0.002884 seconds.
Begin MonoManager ReloadAssembly
Native extension for WindowsStandalone target not found
Refreshing native plugins compatible for Editor in 0.65 ms, found 2 plugins.
Preloading 0 native plugins for Editor in 0.00 ms.
Mono: successfully reloaded assembly
- Completed reload, in  0.987 seconds
Platform modules already initialized, skipping
Refreshing native plugins compatible for Editor in 1.40 ms, found 2 plugins.
Preloading 0 native plugins for Editor in 0.00 ms.
Unloading 3388 Unused Serialized files (Serialized files now loaded: 0)
System memory in use before: 138.3 MB.
System memory in use after: 138.5 MB.

Unloading 18 unused Assets to reduce memory usage. Loaded Objects now: 4108.
Total: 3.075200 ms (FindLiveObjects: 0.306600 ms CreateObjectMapping: 0.209000 ms MarkObjects: 2.456200 ms  DeleteObjects: 0.102200 ms)

========================================================================
Received Prepare
Registering precompiled user dll's ...
Registered in 0.002856 seconds.
Begin MonoManager ReloadAssembly
Native extension for WindowsStandalone target not found
Refreshing native plugins compatible for Editor in 0.65 ms, found 2 plugins.
Preloading 0 native plugins for Editor in 0.00 ms.
Mono: successfully reloaded assembly
- Completed reload, in  0.968 seconds
Platform modules already initialized, skipping
Refreshing native plugins compatible for Editor in 0.63 ms, found 2 plugins.
Preloading 0 native plugins for Editor in 0.00 ms.
Unloading 3388 Unused Serialized files (Serialized files now loaded: 0)
System memory in use before: 138.4 MB.
System memory in use after: 138.5 MB.

Unloading 18 unused Assets to reduce memory usage. Loaded Objects now: 4112.
Total: 2.685900 ms (FindLiveObjects: 0.295200 ms CreateObjectMapping: 0.177600 ms MarkObjects: 2.117500 ms  DeleteObjects: 0.094900 ms)

========================================================================
Received Prepare
Registering precompiled user dll's ...
Registered in 0.002793 seconds.
Begin MonoManager ReloadAssembly
Native extension for WindowsStandalone target not found
Refreshing native plugins compatible for Editor in 0.64 ms, found 2 plugins.
Preloading 0 native plugins for Editor in 0.00 ms.
Mono: successfully reloaded assembly
- Completed reload, in  0.926 seconds
Platform modules already initialized, skipping
Refreshing native plugins compatible for Editor in 0.63 ms, found 2 plugins.
Preloading 0 native plugins for Editor in 0.00 ms.
Unloading 3388 Unused Serialized files (Serialized files now loaded: 0)
System memory in use before: 138.4 MB.
System memory in use after: 138.5 MB.

Unloading 18 unused Assets to reduce memory usage. Loaded Objects now: 4116.
Total: 2.645300 ms (FindLiveObjects: 0.288400 ms CreateObjectMapping: 0.174500 ms MarkObjects: 2.089700 ms  DeleteObjects: 0.092000 ms)

========================================================================
Received Prepare
Registering precompiled user dll's ...
Registered in 0.002917 seconds.
Begin MonoManager ReloadAssembly
Native extension for WindowsStandalone target not found
Refreshing native plugins compatible for Editor in 0.71 ms, found 2 plugins.
Preloading 0 native plugins for Editor in 0.00 ms.
Mono: successfully reloaded assembly
- Completed reload, in  0.948 seconds
Platform modules already initialized, skipping
Refreshing native plugins compatible for Editor in 0.65 ms, found 2 plugins.
Preloading 0 native plugins for Editor in 0.00 ms.
Unloading 3388 Unused Serialized files (Serialized files now loaded: 0)
System memory in use before: 138.4 MB.
System memory in use after: 138.5 MB.

Unloading 18 unused Assets to reduce memory usage. Loaded Objects now: 4120.
Total: 2.662200 ms (FindLiveObjects: 0.287200 ms CreateObjectMapping: 0.178300 ms MarkObjects: 2.093600 ms  DeleteObjects: 0.102000 ms)

========================================================================
Received Import Request.
  Time since last request: 915.517540 seconds.
  path: Assets/Main/Animations/Sprite.controller
  artifactKey: Guid(82529b4c03eb7b34d996bd86a8ba8749) Importer(815301076,1909f56bfc062723c751e8b465ee728b)
Start importing Assets/Main/Animations/Sprite.controller using Guid(82529b4c03eb7b34d996bd86a8ba8749) Importer(815301076,1909f56bfc062723c751e8b465ee728b)  -> (artifact id: '4c30c7ca5191a6c8e69660b2c6c645c2') in 0.020850 seconds 
========================================================================
Received Prepare
Registering precompiled user dll's ...
Registered in 0.002959 seconds.
Begin MonoManager ReloadAssembly
Native extension for WindowsStandalone target not found
Refreshing native plugins compatible for Editor in 0.65 ms, found 2 plugins.
Preloading 0 native plugins for Editor in 0.00 ms.
Mono: successfully reloaded assembly
- Completed reload, in  1.116 seconds
Platform modules already initialized, skipping
Refreshing native plugins compatible for Editor in 0.71 ms, found 2 plugins.
Preloading 0 native plugins for Editor in 0.00 ms.
Unloading 3388 Unused Serialized files (Serialized files now loaded: 0)
System memory in use before: 138.4 MB.
System memory in use after: 138.5 MB.

Unloading 18 unused Assets to reduce memory usage. Loaded Objects now: 4124.
Total: 2.751800 ms (FindLiveObjects: 0.291800 ms CreateObjectMapping: 0.161200 ms MarkObjects: 2.203500 ms  DeleteObjects: 0.094600 ms)

========================================================================
Received Prepare
Registering precompiled user dll's ...
Registered in 0.002951 seconds.
Begin MonoManager ReloadAssembly
Native extension for WindowsStandalone target not found
Refreshing native plugins compatible for Editor in 0.64 ms, found 2 plugins.
Preloading 0 native plugins for Editor in 0.00 ms.
Mono: successfully reloaded assembly
- Completed reload, in  0.956 seconds
Platform modules already initialized, skipping
Refreshing native plugins compatible for Editor in 0.63 ms, found 2 plugins.
Preloading 0 native plugins for Editor in 0.00 ms.
Unloading 3388 Unused Serialized files (Serialized files now loaded: 0)
System memory in use before: 138.4 MB.
System memory in use after: 138.5 MB.

Unloading 18 unused Assets to reduce memory usage. Loaded Objects now: 4128.
Total: 2.654300 ms (FindLiveObjects: 0.310300 ms CreateObjectMapping: 0.194400 ms MarkObjects: 2.052000 ms  DeleteObjects: 0.096600 ms)

========================================================================
Received Prepare
Registering precompiled user dll's ...
Registered in 0.002931 seconds.
Begin MonoManager ReloadAssembly
Native extension for WindowsStandalone target not found
Refreshing native plugins compatible for Editor in 0.64 ms, found 2 plugins.
Preloading 0 native plugins for Editor in 0.00 ms.
Mono: successfully reloaded assembly
- Completed reload, in  0.940 seconds
Platform modules already initialized, skipping
Refreshing native plugins compatible for Editor in 0.65 ms, found 2 plugins.
Preloading 0 native plugins for Editor in 0.00 ms.
Unloading 3388 Unused Serialized files (Serialized files now loaded: 0)
System memory in use before: 138.5 MB.
System memory in use after: 138.6 MB.

Unloading 18 unused Assets to reduce memory usage. Loaded Objects now: 4132.
Total: 2.676800 ms (FindLiveObjects: 0.326700 ms CreateObjectMapping: 0.199000 ms MarkObjects: 2.053800 ms  DeleteObjects: 0.096400 ms)

========================================================================
Received Prepare
Registering precompiled user dll's ...
Registered in 0.002780 seconds.
Begin MonoManager ReloadAssembly
Native extension for WindowsStandalone target not found
Refreshing native plugins compatible for Editor in 0.65 ms, found 2 plugins.
Preloading 0 native plugins for Editor in 0.00 ms.
Mono: successfully reloaded assembly
- Completed reload, in  0.966 seconds
Platform modules already initialized, skipping
Refreshing native plugins compatible for Editor in 0.69 ms, found 2 plugins.
Preloading 0 native plugins for Editor in 0.00 ms.
Unloading 3388 Unused Serialized files (Serialized files now loaded: 0)
System memory in use before: 138.5 MB.
System memory in use after: 138.6 MB.

Unloading 18 unused Assets to reduce memory usage. Loaded Objects now: 4136.
Total: 3.831500 ms (FindLiveObjects: 0.303000 ms CreateObjectMapping: 0.194900 ms MarkObjects: 3.210300 ms  DeleteObjects: 0.121700 ms)

========================================================================
Received Prepare
Registering precompiled user dll's ...
Registered in 0.002854 seconds.
Begin MonoManager ReloadAssembly
Native extension for WindowsStandalone target not found
Refreshing native plugins compatible for Editor in 0.69 ms, found 2 plugins.
Preloading 0 native plugins for Editor in 0.00 ms.
Mono: successfully reloaded assembly
- Completed reload, in  0.971 seconds
Platform modules already initialized, skipping
Refreshing native plugins compatible for Editor in 1.01 ms, found 2 plugins.
Preloading 0 native plugins for Editor in 0.00 ms.
Unloading 3388 Unused Serialized files (Serialized files now loaded: 0)
System memory in use before: 138.5 MB.
System memory in use after: 138.6 MB.

Unloading 18 unused Assets to reduce memory usage. Loaded Objects now: 4140.
Total: 2.741000 ms (FindLiveObjects: 0.377100 ms CreateObjectMapping: 0.176400 ms MarkObjects: 2.084800 ms  DeleteObjects: 0.101100 ms)

========================================================================
Received Prepare
Registering precompiled user dll's ...
Registered in 0.002815 seconds.
Begin MonoManager ReloadAssembly
Native extension for WindowsStandalone target not found
Refreshing native plugins compatible for Editor in 0.63 ms, found 2 plugins.
Preloading 0 native plugins for Editor in 0.00 ms.
Mono: successfully reloaded assembly
- Completed reload, in  0.997 seconds
Platform modules already initialized, skipping
Refreshing native plugins compatible for Editor in 0.66 ms, found 2 plugins.
Preloading 0 native plugins for Editor in 0.00 ms.
Unloading 3388 Unused Serialized files (Serialized files now loaded: 0)
System memory in use before: 138.5 MB.
System memory in use after: 138.6 MB.

Unloading 18 unused Assets to reduce memory usage. Loaded Objects now: 4144.
Total: 3.389700 ms (FindLiveObjects: 0.301900 ms CreateObjectMapping: 0.206500 ms MarkObjects: 2.775700 ms  DeleteObjects: 0.104600 ms)

AssetImportWorkerClient::OnTransportError - code=2 error=End of file
